ISim log file
Running: C:\Users\152\Desktop\CSM152A\lab2\lab2\tb_isim_beh.exe -intstyle ise -gui -tclbatch isim.cmd -wdb C:/Users/152/Desktop/CSM152A/lab2/lab2/tb_isim_beh.wdb 
ISim P.68d (signature 0x7708f090)
----------------------------------------------------------------------
WARNING:Security:42 - Your software subscription period has lapsed. Your current version of Xilinx tools will continue to function, but you no longer qualify for Xilinx software updates or new releases.


----------------------------------------------------------------------
This is a Full version of ISim.
WARNING: File "C:/Users/152/Desktop/CSM152A/lab2/rtl/nexys3.v" Line 154.  For instance uut_/uart_top_/, width 2 of formal port i_tx_reg is not equal to width 1 of actual signal sentRegister.
Time resolution is 1 ps
# onerror resume
# wave add /
# run 1000 ns
Simulator is doing circuit initialization process.
Finished circuit initialization process.
  x
         5 ... led output changed to        00000000
# run all
   1501000 ... Running instruction        00000100
   5243925 ... instruction        00000100 executed
   5243925 ... led output changed to        00000001
   6001000 ... Running instruction        00000000
   9176085 ... instruction        00000000 executed
   9176085 ... led output changed to        00000010
  10501000 ... Running instruction        00010011
  14418965 ... instruction        00010011 executed
  14418965 ... led output changed to        00000011
  15001000 ... Running instruction        10000110
  18351125 ... instruction        10000110 executed
  18351125 ... led output changed to        00000100
  19501000 ... Running instruction        01100011
  23594005 ... instruction        01100011 executed
  23594005 ... led output changed to        00000101
  24001000 ... Running instruction        11000000
  27526165 ... instruction        11000000 executed
 0
 82
  27526165 ... led output changed to        00000110
 1
  x
 2
 58
 48
 48
 52
 48
 10
 13
 48
  27622855 UART0 Received sequence(0040)
  28501000 ... Running instruction        11010000
  31458325 ... instruction        11010000 executed
 0
 82
  31458325 ... led output changed to        00000111
 1
 48
 2
 58
 48
 48
 48
 51
 10
 13
 48
  31555015 UART0 Received sequence(0003)
  33001000 ... Running instruction        11100000
  36701205 ... instruction        11100000 executed
 0
 82
  36701205 ... led output changed to        00001000
 1
 48
 2
 58
 48
 48
 67
 48
 10
 13
 48
  36797895 UART0 Received sequence(00C0)
  37501000 ... Running instruction        11110000
  40633365 ... instruction        11110000 executed
 0
 82
  40633365 ... led output changed to        00001001
 1
 48
 2
 58
 48
 49
 48
 48
 10
 13
 48
  40730055 UART0 Received sequence(0100)
Stopped at time : 42002 us : File "C:/Users/152/Desktop/CSM152A/lab2/tb/tb.v" Line 41
